commit 7f08b8d96eda55913c79cdfd7fbf48c73be586a3
Author: 郭雪健 <guoxj18@lzu.edu.cn>
Date:   Thu Apr 7 01:04:04 2022 +0800

    2022-04-07

commit 3ed172c44a85d26ed20cd9153c46923b0e74bf49
Author: 郭雪健 <guoxj18@lzu.edu.cn>
Date:   Wed Apr 6 00:50:37 2022 +0800

    plan complete

commit 26e8872fbdc165fd6b0d52da43d6d39b04466f71
Author: 郭雪健 <guoxj18@lzu.edu.cn>
Date:   Wed Apr 6 00:05:20 2022 +0800

    2022-04-06

commit 61a396567108d37b272f5fb518cb4235f9c4dc30
Author: 郭雪健 <guoxj18@lzu.edu.cn>
Date:   Tue Apr 5 00:49:08 2022 +0800

    2022-04-05

commit 9ce4dbc25269b7168aa96cc03c43a4c35509098e
Author: 郭雪健 <guoxj18@lzu.edu.cn>
Date:   Mon Apr 4 00:42:49 2022 +0800

    2022-04-04

commit fef5e45c2c8599f952fd769b08dc513142c77404
Author: 郭雪健 <guoxj18@lzu.edu.cn>
Date:   Sun Apr 3 00:48:59 2022 +0800

    2022-04-03

commit dfda316fb7b2f703d60b61c52e826ea1fde23b09
Author: 郭雪健 <guoxj18@lzu.edu.cn>
Date:   Sat Apr 2 01:06:33 2022 +0800

    2022-04-02+

commit 0e5b9b71f77cbc2800694a8700040ad93990eb71
Author: 郭雪健 <guoxj18@lzu.edu.cn>
Date:   Sat Apr 2 00:33:53 2022 +0800

    2022-04-02

commit 74920dd3076701a5b014284c4ef35bad0cfc1ff3
Author: 郭雪健 <guoxj18@lzu.edu.cn>
Date:   Fri Apr 1 18:46:53 2022 +0800

    2022-04-01

commit b9332683912c92de7bbe66cac0fa74b498908748
Author: 郭雪健 <guoxj18@lzu.edu.cn>
Date:   Thu Mar 31 19:12:49 2022 +0800

    2022-03-31

commit 24a175a8dfcd395e73e5502434bb7fb6b9748289
Author: 郭雪健 <guoxj18@lzu.edu.cn>
Date:   Wed Mar 30 00:11:12 2022 +0800

    2022-03-30

commit 76f96333c15d6710a3d11a6b3d9701069859ddf5
Author: 郭雪健 <guoxj18@lzu.edu.cn>
Date:   Tue Mar 29 00:06:51 2022 +0800

    2022-03-29

commit d26e7eea901a6c9d096d880c5b04295919f1c0d4
Author: 郭雪健 <guoxj18@lzu.edu.cn>
Date:   Mon Mar 28 17:36:54 2022 +0800

    2022-03-28

commit e0ca2cc1c70dd81d1ffb022cd4025abe222c675e
Author: 郭雪健 <guoxj18@lzu.edu.cn>
Date:   Sun Mar 27 00:50:49 2022 +0800

    2022-03--27

commit d48926a76d445a85d86021488e4889b33a57e593
Author: 郭雪健 <guoxj18@lzu.edu.cn>
Date:   Sat Mar 26 00:53:17 2022 +0800

    2022-03-26

commit 6d017c30fb9cb8eff7644d62c78e17b3869387ed
Author: 郭雪健 <guoxj18@lzu.edu.cn>
Date:   Fri Mar 25 22:42:53 2022 +0800

    2022-03-25

commit 5192eb9e3d9292b6bcb05f5f349a833e7291b964
Author: 郭雪健 <guoxj18@lzu.edu.cn>
Date:   Thu Mar 24 11:18:08 2022 +0800

    2022-03-24

commit 4a55c127a113a734883a833a58eb06a42abfec7c
Author: 郭雪健 <guoxj18@lzu.edu.cn>
Date:   Wed Mar 23 18:20:33 2022 +0800

    2022-03-23

commit 70b25bd0277fefea0ed517f80cd7f373e3e9f7b0
Author: 郭雪健 <guoxj18@lzu.edu.cn>
Date:   Tue Mar 22 08:56:26 2022 +0800

    2022-03-22

commit f8af4853f0f9be95c30eca5990cca6cedef7daa1
Author: 郭雪健 <guoxj18@lzu.edu.cn>
Date:   Mon Mar 21 00:37:20 2022 +0800

    2022-03-21

commit 922a7fa682565cb2c57da2d0aa07734ecbfa0c5d
Author: 郭雪健 <guoxj18@lzu.edu.cn>
Date:   Sun Mar 20 01:15:21 2022 +0800

    2022-03-20

commit ce63078570c98acaffd420a257a04746029447c6
Author: 郭雪健 <guoxj18@lzu.edu.cn>
Date:   Sat Mar 19 00:14:42 2022 +0800

    2022-03-19

commit ea0d5ed796fa696bebcdac7f32306c35ff0e33bd
Author: 郭雪健 <guoxj18@lzu.edu.cn>
Date:   Fri Mar 18 00:15:58 2022 +0800

    2022-03-18

commit 2e840d12c7e69dedea2691586880ce0d82433a92
Author: 郭雪健 <guoxj18@lzu.edu.cn>
Date:   Thu Mar 17 00:17:32 2022 +0800

    2022-03-17

commit 42f482cadcef1391f05ae4c095f74378487d0579
Author: 郭雪健 <guoxj18@lzu.edu.cn>
Date:   Wed Mar 16 00:26:29 2022 +0800

    2022-03-16

commit a19398310cc110c689ef2951bbc3c372fc60e1ef
Author: 郭雪健 <guoxj18@lzu.edu.cn>
Date:   Tue Mar 15 00:02:07 2022 +0800

    2022-03-15

commit fd396c4db5ac0021d1dc3b309a8e1761af102c6e
Author: 郭雪健 <guoxj18@lzu.edu.cn>
Date:   Mon Mar 14 00:16:03 2022 +0800

    2022-03-14

commit 4a8a66300fb06f6f3ec17f364274fc711c7478f6
Author: 郭雪健 <guoxj18@lzu.edu.cn>
Date:   Sun Mar 13 10:19:45 2022 +0800

    2022-03-13

commit af1d6c5c68dbfba7f85a95f5a65d466f3a5defda
Author: 郭雪健 <guoxj18@lzu.edu.cn>
Date:   Sat Mar 12 11:48:41 2022 +0800

    2022-03-12

commit 8e8124bad47898d5aa632c0128fe71ea5c9d8788
Author: 郭雪健 <guoxj18@lzu.edu.cn>
Date:   Fri Mar 11 22:45:39 2022 +0800

    2022-03-11

commit 8afaad083de5a11741ad68e8402ba0787fc1a5fb
Author: 郭雪健 <guoxj18@lzu.edu.cn>
Date:   Thu Mar 10 00:45:00 2022 +0800

    2022-03-10

commit a62bbbf167520eeab70bd29db4890657774df766
Author: 郭雪健 <guoxj18@lzu.edu.cn>
Date:   Wed Mar 9 00:32:21 2022 +0800

    2022-03-09

commit d3683970cf371d39b79276c04c9e976fa100f48e
Author: 郭雪健 <guoxj18@lzu.edu.cn>
Date:   Tue Mar 8 00:14:02 2022 +0800

    2022-03-08

commit 433a826f0620ca54080bce6b6f000d71b8736ba7
Author: 郭雪健 <guoxj18@lzu.edu.cn>
Date:   Tue Mar 8 00:12:11 2022 +0800

    2022-03-07

commit 4ac39ff1cc3d436991955f7d244a0258b65bab2c
Author: 郭雪健 <guoxj18@lzu.edu.cn>
Date:   Sun Mar 6 01:37:20 2022 +0800

    2022-03-06

commit a199b5c442c071715095564962e34f226b950e78
Author: 郭雪健 <guoxj18@lzu.edu.cn>
Date:   Sat Mar 5 00:13:06 2022 +0800

    2022-03-05

commit 273346617df2f59a688c13f10f58acfd02b06fef
Author: 郭雪健 <guoxj18@lzu.edu.cn>
Date:   Fri Mar 4 01:01:33 2022 +0800

    2022-03-04

commit 085babb75d65c3c16a33aab52a2a2dd2dc75c67f
Author: 郭雪健 <guoxj18@lzu.edu.cn>
Date:   Thu Mar 3 00:30:19 2022 +0800

    2022-03-03

commit 540c6fbf10976cb0290564e55bf2dd57a582332c
Author: 郭雪健 <guoxj18@lzu.edu.cn>
Date:   Wed Mar 2 00:23:42 2022 +0800

    2022-03-02

commit 8ff6130140360aec6c7d1fd326bb8aeae626e61c
Author: 郭雪健 <guoxj18@lzu.edu.cn>
Date:   Tue Mar 1 00:18:22 2022 +0800

    2022-03-01

commit aeb7f2a116e987113e4ffd31071d13545dd1e8a2
Author: 郭雪健 <guoxj18@lzu.edu.cn>
Date:   Mon Feb 28 22:10:41 2022 +0800

    2022-02-28

commit 17dc5689af34377b81a6283ef944b6e88f1808dd
Author: 郭雪健 <guoxj18@lzu.edu.cn>
Date:   Sun Feb 27 00:27:29 2022 +0800

    2022-02-27

commit a558e884ad49a216a6c660b9d46218abcb1d3529
Author: 郭雪健 <guoxj18@lzu.edu.cn>
Date:   Sat Feb 26 00:26:42 2022 +0800

    2022-02-26

commit a7b74661131f54218cd7b0dda0a8aad3bab5cb8f
Author: 郭雪健 <guoxj18@lzu.edu.cn>
Date:   Fri Feb 25 01:20:16 2022 +0800

    2022-02-25

commit bb5a7c96f82ad5a48ab71e50e5a281a8ad454d58
Author: 郭雪健 <guoxj18@lzu.edu.cn>
Date:   Thu Feb 24 00:29:30 2022 +0800

    2022-02-24

commit 974fdcc355e84be1106d9fc2ddc3e0184c407c19
Author: 郭雪健 <guoxj18@lzu.edu.cn>
Date:   Wed Feb 23 23:51:59 2022 +0800

    2022-02-23

commit 1f4f44d8a2f01c19696038411f85279f0f09be8d
Author: 郭雪健 <guoxj18@lzu.edu.cn>
Date:   Tue Feb 22 00:15:09 2022 +0800

    2022-02-22

commit ccde9f8121ac514a2ce4a72536588f5deeb1fdc2
Author: 郭雪健 <guoxj18@lzu.edu.cn>
Date:   Mon Feb 21 00:21:54 2022 +0800

    2022-02-21

commit bc8997c35a81dfec8817e99d27704e233ec7528e
Author: 郭雪健 <guoxj18@lzu.edu.cn>
Date:   Sun Feb 20 01:33:11 2022 +0800

    2022-02-20

commit d24d45efd6e3107c9af20aa1ff6c5dcda26f9e27
Author: 郭雪健 <guoxj18@lzu.edu.cn>
Date:   Sat Feb 19 01:10:14 2022 +0800

    2022-02-19

commit 208e8883763af844c83005cd1157c06345b2fb77
Author: 郭雪健 <guoxj18@lzu.edu.cn>
Date:   Fri Feb 18 23:49:32 2022 +0800

    2022-02-18+

commit cbbb95c2c5df477f7c1f737f2cd11872ea9013ed
Author: 郭雪健 <guoxj18@lzu.edu.cn>
Date:   Fri Feb 18 00:40:03 2022 +0800

    2022-02-18

commit 8d1c5877448d7b72460b42be579cc4e81e35d502
Author: 郭雪健 <guoxj18@lzu.edu.cn>
Date:   Thu Feb 17 00:05:28 2022 +0800

    2022-02-17

commit 079cf8f517a61a0019f5bf78e6d6e330a813feed
Author: 郭雪健 <guoxj18@lzu.edu.cn>
Date:   Wed Feb 16 08:47:16 2022 +0800

    2022-02-16

commit 9b6c1c572a78d9298db3706bf2599f6d0277b42f
Author: 郭雪健 <guoxj18@lzu.edu.cn>
Date:   Tue Feb 15 00:46:34 2022 +0800

    2022-02-15

commit 09ce2c70b4c255aee10cde0eb77f27fd66b923a2
Author: 郭雪健 <guoxj18@lzu.edu.cn>
Date:   Tue Feb 15 00:00:44 2022 +0800

    2022-02-14++

commit 6d2b41fd39cdb0309999c633d6398a82fb637029
Author: 郭雪健 <guoxj18@lzu.edu.cn>
Date:   Mon Feb 14 01:33:18 2022 +0800

    2022-02-14

commit 0ca16accd25f929ecabfa3cfdf913b9c72d7c677
Author: 郭雪健 <guoxj18@lzu.edu.cn>
Date:   Sun Feb 13 18:43:59 2022 +0800

    2022-02-13

commit ba28ecb6bc16054c62a8a2407ea7e80e2f2c17cd
Author: 郭雪健 <guoxj18@lzu.edu.cn>
Date:   Sun Feb 13 00:41:32 2022 +0800

    2022-02-13

commit 2cf0f0fba40e9b8951d4b2415f8b42fd13d339b2
Author: 郭雪健 <guoxj18@lzu.edu.cn>
Date:   Fri Feb 11 22:24:11 2022 +0800

    2022-02-11+

commit 1d3b760f9a0b80769c78156d02e3825de9d39066
Author: 郭雪健 <guoxj18@lzu.edu.cn>
Date:   Fri Feb 11 01:06:49 2022 +0800

    2022-02-11

commit 06b3353b23ebc0825a94d2f0b9c7881fe7c52a34
Author: 郭雪健 <guoxj18@lzu.edu.cn>
Date:   Thu Feb 10 23:51:02 2022 +0800

    2022-02-10

commit 640744dad85721c9aa64df6f77d5f79de3976b75
Author: 郭雪健 <guoxj18@lzu.edu.cn>
Date:   Wed Feb 9 20:20:37 2022 +0800

    2022-02-09

commit 3006bbb6a1d4059007d280b18e745ca6c1fb507a
Author: 郭雪健 <guoxj18@lzu.edu.cn>
Date:   Tue Feb 8 23:58:02 2022 +0800

    2022-02-08

commit 868b1922d0bf7967c75abce8930d1a45cf28c80e
Author: 郭雪健 <guoxj18@lzu.edu.cn>
Date:   Sun Feb 6 22:25:41 2022 +0800

    2022-02-06

commit c2b1597aa911ccc410d9e089d1ceb319d8f0ca6c
Merge: c0dbcd3 a4def6f
Author: 郭雪健 <guoxj18@lzu.edu.cn>
Date:   Fri Feb 4 01:02:21 2022 +0800

    Merge branch 'master' of https://gitee.com/xuejianguo/leetcode-practice

commit c0dbcd33b981919681400d54164573b6e60a74ad
Author: 郭雪健 <guoxj18@lzu.edu.cn>
Date:   Fri Feb 4 01:01:41 2022 +0800

    2022-02-04

commit a4def6fd895d94182c050533c87e87d2c327e9e9
Author: xuejianguo <guoxj18@lzu.edu.cn>
Date:   Thu Feb 3 15:15:15 2022 +0000

    add README.md.

commit 310be38c149d298b37b0ffb4d3c2687262cf1bdc
Author: 郭雪健 <guoxj18@lzu.edu.cn>
Date:   Thu Feb 3 22:10:19 2022 +0800

    测试完成

commit 56d2a1fc8009d9662de9ea119bb72669b579c3f3
Author: 郭雪健 <guoxj18@lzu.edu.cn>
Date:   Thu Feb 3 22:09:43 2022 +0800

    文件测试

commit 8d224bad8543d42a5c04a696bd09e46a03fbe0e9
Author: 郭雪健 <guoxj18@lzu.edu.cn>
Date:   Thu Feb 3 22:06:09 2022 +0800

    2022-02-03

commit 9d6a2b32bb18114bfcdcc9b232b9d582ceefb007
Author: 郭雪健 <guoxj18@lzu.edu.cn>
Date:   Wed Feb 2 23:40:32 2022 +0800

    2022-02-02

commit d33865c998b9e6ead77fc3c3251566360f6cefcb
Author: 郭雪健 <guoxj18@lzu.edu.cn>
Date:   Wed Feb 2 23:38:45 2022 +0800

    2022-02-02

commit f2a8fa74b6abad4e89033e164f016761d1b4b370
Author: 郭雪健 <guoxj18@lzu.edu.cn>
Date:   Tue Feb 1 23:57:21 2022 +0800

    2022-02-01

commit a94309f64a3061f3aa01cd2d17ce9cca6386897c
Author: 郭雪健 <guoxj18@lzu.edu.cn>
Date:   Mon Jan 31 14:05:14 2022 +0800

    2022-01-31

commit d7281fb00e0ab63d3ea48894cd4dcb771d4959e8
Author: 郭雪健 <guoxj18@lzu.edu.cn>
Date:   Sun Jan 30 14:32:26 2022 +0800

    2022-01-30

commit f429f8372e74e654b616cacf3aa823fb45456c82
Author: 郭雪健 <guoxj18@lzu.edu.cn>
Date:   Sat Jan 29 17:31:34 2022 +0800

    2022-01-29

commit 000536ffce14de6e0d05dda7e97375b4167c782f
Author: 郭雪健 <guoxj18@lzu.edu.cn>
Date:   Fri Jan 28 20:00:49 2022 +0800

    2022-01-28

commit 92bcdc295d4ec2bb25c2c8df33f14a56436bb293
Author: 郭雪健 <guoxj18@lzu.edu.cn>
Date:   Thu Jan 27 21:58:23 2022 +0800

    2022-01-27

commit 2f2d9f6187602423511ad6dd8a859766d92f1ad7
Author: 郭雪健 <guoxj18@lzu.edu.cn>
Date:   Thu Jan 27 01:36:39 2022 +0800

    2022-01-26

commit 34738395151c861ad83d0f41e05643c63ca833a0
Author: 郭雪健 <guoxj18@lzu.edu.cn>
Date:   Tue Jan 25 13:23:43 2022 +0800

    2022-01-25

commit 5c802a9fb223a46073de93fca194398a734023c9
Author: 郭雪健 <guoxj18@lzu.edu.cn>
Date:   Mon Jan 24 00:42:27 2022 +0800

    2022-01-24

commit b28f7014c47c419c2d750519b1eaf0316139f429
Author: 郭雪健 <guoxj18@lzu.edu.cn>
Date:   Mon Jan 24 00:39:07 2022 +0800

    2022-01-23

commit 37d8d7ec79133e6496005ddfe324a133a402ffcf
Author: 郭雪健 <guoxj18@lzu.edu.cn>
Date:   Sat Jan 22 14:35:24 2022 +0800

    2022-01-22

commit 4f0200b03a76be4c6760f45bd58fe10da098a758
Author: 郭雪健 <guoxj18@lzu.edu.cn>
Date:   Fri Jan 21 15:10:26 2022 +0800

    2022-01-21

commit c197ca55b2b24ff62d14deabf7748af464422fcf
Author: 郭雪健 <guoxj18@lzu.edu.cn>
Date:   Wed Jan 19 17:39:11 2022 +0800

    2022-01-19+

commit 5f05b876132b33bc1c2da104ca0b5e3bd147e72f
Author: 郭雪健 <guoxj18@lzu.edu.cn>
Date:   Wed Jan 19 16:19:55 2022 +0800

    2022-01-19

commit 25bacf3d4d31d1fbc064a9cb7c70bba7eeaf08ed
Author: 郭雪健 <guoxj18@lzu.edu.cn>
Date:   Tue Jan 18 20:58:52 2022 +0800

    2022-01-18

commit 72b72cd5a3896bb19ac0af4a0078c601ceee96a4
Author: 郭雪健 <guoxj18@lzu.edu.cn>
Date:   Mon Jan 17 18:10:35 2022 +0800

    2022-01-17

commit fe754c0a1be2efd3face092c524ae05ea32a0e77
Author: 郭雪健 <guoxj18@lzu.edu.cn>
Date:   Sun Jan 16 19:43:12 2022 +0800

    2022-01-16

commit 720887cdd5974458d1474454d55aac6b3ac1ea74
Author: 郭雪健 <guoxj18@lzu.edu.cn>
Date:   Sat Jan 15 14:59:02 2022 +0800

    2022-01-15

commit 7ff6b29b42153d4053c7307ff5692795b5137d94
Author: 郭雪健 <guoxj18@lzu.edu.cn>
Date:   Fri Jan 14 16:27:50 2022 +0800

    2022-01-14

commit 2302ddbf58098e1c9932d3b2d729c6063776650f
Author: 郭雪健 <guoxj18@lzu.edu.cn>
Date:   Thu Jan 13 15:07:50 2022 +0800

    2022-01-13

commit 5f21fabdd573a1a577e2da89bf236922ad338011
Author: 郭雪健 <guoxj18@lzu.edu.cn>
Date:   Wed Jan 12 17:47:15 2022 +0800

    2022-01-12

commit 6689db22c638e25e14634b6b9ab0060d0486f259
Author: 郭雪健 <guoxj18@lzu.edu.cn>
Date:   Tue Jan 11 17:34:52 2022 +0800

    2022-01-11

commit a15423e2ca08c8e1f0b2ff24f8b80f5bcc4ae1eb
Author: 郭雪健 <guoxj18@lzu.edu.cn>
Date:   Mon Jan 10 21:47:50 2022 +0800

    2022-01-10

commit e0711d1823a04b6537a935535341256ac65df5bb
Author: 郭雪健 <guoxj18@lzu.edu.cn>
Date:   Sun Jan 9 17:39:51 2022 +0800

    2022-01-09+

commit 90dfbff14fe60ebb099e8c9a3234a194386214e9
Author: 郭雪健 <guoxj18@lzu.edu.cn>
Date:   Sun Jan 9 16:09:28 2022 +0800

    2022-01-09

commit 886cece5cdf2922c35f0eedd9333888102c88e5c
Author: 郭雪健 <guoxj18@lzu.edu.cn>
Date:   Fri Jan 7 16:59:14 2022 +0800

    2022-01-07+

commit 7d87ab8c68d80daaf17beb67a3f6accdeb8dc96b
Author: 郭雪健 <guoxj18@lzu.edu.cn>
Date:   Fri Jan 7 16:22:57 2022 +0800

    2022-01-07

commit 8c0aa0a8dae9359517f741983e85a57d8455e5aa
Author: 郭雪健 <guoxj18@lzu.edu.cn>
Date:   Thu Jan 6 14:53:12 2022 +0800

    2022-01-06

commit f9070aafc09443e148cc8af3fb02cd1dee87c46c
Author: 郭雪健 <guoxj18@lzu.edu.cn>
Date:   Wed Jan 5 23:34:54 2022 +0800

    2022-01-05+++

commit 28094d36015e636fd3e94b42abf0147ac38b190d
Author: 郭雪健 <guoxj18@lzu.edu.cn>
Date:   Wed Jan 5 20:05:04 2022 +0800

    2022-01-05++

commit 572de8e473086320042d4962dd242b1eccb0f756
Author: 郭雪健 <guoxj18@lzu.edu.cn>
Date:   Wed Jan 5 17:07:50 2022 +0800

    2022-01-05 plus

commit df2b1799a9d0d5bab841c46ffe43230cce63b68f
Author: 郭雪健 <guoxj18@lzu.edu.cn>
Date:   Wed Jan 5 17:01:59 2022 +0800

    2022-01-05

commit bc20263ecf97f75410ef8190b20e27009abd1dfd
Author: 郭雪健 <guoxj18@lzu.edu.cn>
Date:   Tue Jan 4 13:13:55 2022 +0800

    2022-01-04

commit ffdb20756bbdd9597ff72b317a315822f9477100
Author: 郭雪健 <guoxj18@lzu.edu.cn>
Date:   Mon Jan 3 17:01:45 2022 +0800

    2022-01-03

commit aba1fc226fb414a6d5a4240376333bcffe41011d
Author: 郭雪健 <guoxj18@lzu.edu.cn>
Date:   Sun Jan 2 14:37:40 2022 +0800

    2022-01-02

commit 2ba5b13e24348c995eb95ab175b9a0441c771979
Author: 郭雪健 <guoxj18@lzu.edu.cn>
Date:   Sat Jan 1 22:15:14 2022 +0800

    2022-01-01

commit 2101cae00a411df457bd930cf4795e13f796e2ce
Author: 郭雪健 <guoxj18@lzu.edu.cn>
Date:   Thu Dec 30 11:24:28 2021 +0800

    2021-12-30

commit 67985b26fc71e7e07b157516fd4897679de2e6b7
Author: 郭雪健 <guoxj18@lzu.edu.cn>
Date:   Sun Dec 26 15:02:50 2021 +0800

    2021-12-26

commit 0f3fd1f9dcd592636f1d485c507441927fed140e
Author: 郭雪健 <guoxj18@lzu.edu.cn>
Date:   Sat Dec 25 21:27:14 2021 +0800

    2021-12-25

commit 4dc355f8c1b8acdc9a9daded29626f6591405993
Author: 郭雪健 <guoxj18@lzu.edu.cn>
Date:   Fri Dec 24 16:38:00 2021 +0800

    2021-12-24

commit 8e227fb0c9fca2ef806898716f962bc11c658aa7
Author: 郭雪健 <guoxj18@lzu.edu.cn>
Date:   Thu Dec 23 14:33:32 2021 +0800

    2021-12-23

commit afcf5c6faf2f39bfc4ce715fccce47f3ca662191
Author: 郭雪健 <guoxj18@lzu.edu.cn>
Date:   Wed Dec 22 11:30:02 2021 +0800

    2021-12-22

commit 8daefb97ccba05e92725f5ad51663506f7f17d2c
Author: 郭雪健 <guoxj18@lzu.edu.cn>
Date:   Tue Dec 21 11:37:37 2021 +0800

    2021-12-21

commit 32ca1293a321b17c071fe6af71844c5d45584fd4
Author: 郭雪健 <guoxj18@lzu.edu.cn>
Date:   Mon Dec 20 10:52:05 2021 +0800

    2021-12-20

commit 1d76c22ba1e7c85c77d88d1d35cc41c04bbe6ba4
Author: 郭雪健 <guoxj18@lzu.edu.cn>
Date:   Sun Dec 19 13:41:06 2021 +0800

    2021-12-19

commit d0a46f85c0448a421a6f171ae4fd056b74070817
Author: 郭雪健 <guoxj18@lzu.edu.cn>
Date:   Sat Dec 18 23:16:50 2021 +0800

    2021-12-18

commit c673e93dd76453b974145edf18c01d37b5f514e6
Author: 郭雪健 <guoxj18@lzu.edu.cn>
Date:   Sat Dec 18 10:56:12 2021 +0800

    2021-12-18

commit 89cf4d82721cd376effa9779516232b7db9fe13f
Author: 郭雪健 <guoxj18@lzu.edu.cn>
Date:   Thu Dec 16 23:37:21 2021 +0800

    2021-12-16

commit 21181f0b63c383e9d8ab828883b9dabc7501415e
Author: 郭雪健 <guoxj18@lzu.edu.cn>
Date:   Thu Dec 9 16:39:14 2021 +0800

    20-12-09

commit 3d0ea2264adf29e1c2461d2c1d9ac21a4dbd18b1
Author: 郭雪健 <guoxj18@lzu.edu.cn>
Date:   Thu Nov 4 01:05:15 2021 +0800

    2021-11-04

commit 8b6fb85aa1e6cf6e4446671a81edf8713ec0ce36
Author: 郭雪健 <guoxj18@lzu.edu.cn>
Date:   Tue Nov 2 18:35:28 2021 +0800

    readme.md modify

commit 768700da50e0102827fcc99c76727065ff877c3b
Author: 郭雪健 <guoxj18@lzu.edu.cn>
Date:   Tue Nov 2 18:12:15 2021 +0800

    initial commit

commit 57cf4c599458ce81a3bb09c2d17df395e9f55d08
Author: xuejianguo <8402065+xuejianguo@user.noreply.gitee.com>
Date:   Tue Nov 2 10:07:11 2021 +0000

    Initial commit
